
08:46:20 Undefined offset: 1 in D:\www\zendZentao\module\user\control.php on line 660 when visiting /zendZentao/www/index.php?m=user&f=login&referer=L3plbmRaZW50YW8vd3d3L2luZGV4LnBocA==

08:57:31 Creating default object from empty value in D:\www\zendZentao\module\common\ext\lang\zh-cn\salary.php on line 6 when visiting 

09:02:31 Creating default object from empty value in D:\www\zendZentao\module\common\ext\lang\zh-cn\salary.php on line 6 when visiting 

09:02:56 Creating default object from empty value in D:\www\zendZentao\module\common\ext\lang\zh-cn\salary.php on line 6 when visiting 

09:02:56 Creating default object from empty value in D:\www\zendZentao\module\group\ext\lang\zh-cn\salary.php on line 4 when visiting /zendZentao/www/index.php?m=project&f=create

09:03:03 Creating default object from empty value in D:\www\zendZentao\module\common\ext\lang\zh-cn\salary.php on line 6 when visiting 

09:03:03 Creating default object from empty value in D:\www\zendZentao\module\group\ext\lang\zh-cn\salary.php on line 4 when visiting /zendZentao/www/index.php?m=project&f=create

09:03:06 Creating default object from empty value in D:\www\zendZentao\module\common\ext\lang\zh-cn\salary.php on line 6 when visiting 

09:03:06 Trying to get property of non-object in D:\www\zendZentao\module\my\model.php on line 51 when visiting /zendZentao/www/index.php?m=my&f=index

09:03:09 Creating default object from empty value in D:\www\zendZentao\module\common\ext\lang\zh-cn\salary.php on line 6 when visiting 

09:03:09 Trying to get property of non-object in D:\www\zendZentao\module\my\model.php on line 51 when visiting /zendZentao/www/index.php?m=salary&f=monthly&typeID=2

09:03:09 Trying to get property of non-object in D:\www\zendZentao\module\salary\control.php on line 57 when visiting /zendZentao/www/index.php?m=salary&f=monthly&typeID=2

09:03:09 Trying to get property of non-object in D:\www\zendZentao\module\salary\control.php on line 62 when visiting /zendZentao/www/index.php?m=salary&f=monthly&typeID=2

09:03:09 Trying to get property of non-object in D:\www\zendZentao\module\salary\control.php on line 66 when visiting /zendZentao/www/index.php?m=salary&f=monthly&typeID=2

09:03:09 Trying to get property of non-object in D:\www\zendZentao\module\salary\control.php on line 66 when visiting /zendZentao/www/index.php?m=salary&f=monthly&typeID=2

09:03:09 Trying to get property of non-object in D:\www\zendZentao\module\salary\view\monthly.html.php on line 13 when visiting /zendZentao/www/index.php?m=salary&f=monthly&typeID=2

09:03:09 Trying to get property of non-object in D:\www\zendZentao\module\salary\view\monthly.html.php on line 14 when visiting /zendZentao/www/index.php?m=salary&f=monthly&typeID=2

09:03:09 Trying to get property of non-object in D:\www\zendZentao\module\salary\view\monthly.html.php on line 14 when visiting /zendZentao/www/index.php?m=salary&f=monthly&typeID=2

09:03:09 Trying to get property of non-object in D:\www\zendZentao\module\salary\view\monthly.html.php on line 26 when visiting /zendZentao/www/index.php?m=salary&f=monthly&typeID=2

09:03:09 Trying to get property of non-object in D:\www\zendZentao\module\salary\view\monthly.html.php on line 26 when visiting /zendZentao/www/index.php?m=salary&f=monthly&typeID=2

09:03:09 Undefined variable: vars in D:\www\zendZentao\module\salary\view\commontable.html.php on line 11 when visiting /zendZentao/www/index.php?m=salary&f=monthly&typeID=2

09:03:09 Trying to get property of non-object in D:\www\zendZentao\module\salary\view\commontable.html.php on line 16 when visiting /zendZentao/www/index.php?m=salary&f=monthly&typeID=2

09:03:09 Trying to get property of non-object in D:\www\zendZentao\module\salary\view\commontable.html.php on line 21 when visiting /zendZentao/www/index.php?m=salary&f=monthly&typeID=2

09:03:11 Creating default object from empty value in D:\www\zendZentao\module\common\ext\lang\zh-cn\salary.php on line 6 when visiting 

09:03:11 Trying to get property of non-object in D:\www\zendZentao\module\my\model.php on line 51 when visiting /zendZentao/www/index.php?m=salary&f=monthly&typeID=1

09:03:11 Trying to get property of non-object in D:\www\zendZentao\module\salary\control.php on line 57 when visiting /zendZentao/www/index.php?m=salary&f=monthly&typeID=1

09:03:11 Trying to get property of non-object in D:\www\zendZentao\module\salary\control.php on line 62 when visiting /zendZentao/www/index.php?m=salary&f=monthly&typeID=1

09:03:11 Trying to get property of non-object in D:\www\zendZentao\module\salary\control.php on line 66 when visiting /zendZentao/www/index.php?m=salary&f=monthly&typeID=1

09:03:11 Trying to get property of non-object in D:\www\zendZentao\module\salary\control.php on line 66 when visiting /zendZentao/www/index.php?m=salary&f=monthly&typeID=1

09:03:11 Trying to get property of non-object in D:\www\zendZentao\module\salary\view\monthly.html.php on line 13 when visiting /zendZentao/www/index.php?m=salary&f=monthly&typeID=1

09:03:11 Trying to get property of non-object in D:\www\zendZentao\module\salary\view\monthly.html.php on line 14 when visiting /zendZentao/www/index.php?m=salary&f=monthly&typeID=1

09:03:11 Trying to get property of non-object in D:\www\zendZentao\module\salary\view\monthly.html.php on line 14 when visiting /zendZentao/www/index.php?m=salary&f=monthly&typeID=1

09:03:11 Trying to get property of non-object in D:\www\zendZentao\module\salary\view\monthly.html.php on line 26 when visiting /zendZentao/www/index.php?m=salary&f=monthly&typeID=1

09:03:11 Trying to get property of non-object in D:\www\zendZentao\module\salary\view\monthly.html.php on line 26 when visiting /zendZentao/www/index.php?m=salary&f=monthly&typeID=1

09:03:11 Undefined variable: vars in D:\www\zendZentao\module\salary\view\commontable.html.php on line 11 when visiting /zendZentao/www/index.php?m=salary&f=monthly&typeID=1

09:03:11 Trying to get property of non-object in D:\www\zendZentao\module\salary\view\commontable.html.php on line 16 when visiting /zendZentao/www/index.php?m=salary&f=monthly&typeID=1

09:03:11 Trying to get property of non-object in D:\www\zendZentao\module\salary\view\commontable.html.php on line 21 when visiting /zendZentao/www/index.php?m=salary&f=monthly&typeID=1

09:03:13 Creating default object from empty value in D:\www\zendZentao\module\common\ext\lang\zh-cn\salary.php on line 6 when visiting 

09:03:13 Trying to get property of non-object in D:\www\zendZentao\module\my\model.php on line 51 when visiting /zendZentao/www/index.php?m=salary&f=monthly&typeID=2

09:03:13 Trying to get property of non-object in D:\www\zendZentao\module\salary\control.php on line 57 when visiting /zendZentao/www/index.php?m=salary&f=monthly&typeID=2

09:03:13 Trying to get property of non-object in D:\www\zendZentao\module\salary\control.php on line 62 when visiting /zendZentao/www/index.php?m=salary&f=monthly&typeID=2

09:03:13 Trying to get property of non-object in D:\www\zendZentao\module\salary\control.php on line 66 when visiting /zendZentao/www/index.php?m=salary&f=monthly&typeID=2

09:03:13 Trying to get property of non-object in D:\www\zendZentao\module\salary\control.php on line 66 when visiting /zendZentao/www/index.php?m=salary&f=monthly&typeID=2

09:03:13 Trying to get property of non-object in D:\www\zendZentao\module\salary\view\monthly.html.php on line 13 when visiting /zendZentao/www/index.php?m=salary&f=monthly&typeID=2

09:03:13 Trying to get property of non-object in D:\www\zendZentao\module\salary\view\monthly.html.php on line 14 when visiting /zendZentao/www/index.php?m=salary&f=monthly&typeID=2

09:03:13 Trying to get property of non-object in D:\www\zendZentao\module\salary\view\monthly.html.php on line 14 when visiting /zendZentao/www/index.php?m=salary&f=monthly&typeID=2

09:03:13 Trying to get property of non-object in D:\www\zendZentao\module\salary\view\monthly.html.php on line 26 when visiting /zendZentao/www/index.php?m=salary&f=monthly&typeID=2

09:03:13 Trying to get property of non-object in D:\www\zendZentao\module\salary\view\monthly.html.php on line 26 when visiting /zendZentao/www/index.php?m=salary&f=monthly&typeID=2

09:03:13 Undefined variable: vars in D:\www\zendZentao\module\salary\view\commontable.html.php on line 11 when visiting /zendZentao/www/index.php?m=salary&f=monthly&typeID=2

09:03:13 Trying to get property of non-object in D:\www\zendZentao\module\salary\view\commontable.html.php on line 16 when visiting /zendZentao/www/index.php?m=salary&f=monthly&typeID=2

09:03:13 Trying to get property of non-object in D:\www\zendZentao\module\salary\view\commontable.html.php on line 21 when visiting /zendZentao/www/index.php?m=salary&f=monthly&typeID=2

09:03:14 Creating default object from empty value in D:\www\zendZentao\module\common\ext\lang\zh-cn\salary.php on line 6 when visiting 

09:03:14 Trying to get property of non-object in D:\www\zendZentao\module\my\model.php on line 51 when visiting /zendZentao/www/index.php?m=salary&f=monthly&typeID=2

09:03:14 Trying to get property of non-object in D:\www\zendZentao\module\salary\control.php on line 57 when visiting /zendZentao/www/index.php?m=salary&f=monthly&typeID=2

09:03:14 Trying to get property of non-object in D:\www\zendZentao\module\salary\control.php on line 62 when visiting /zendZentao/www/index.php?m=salary&f=monthly&typeID=2

09:03:14 Trying to get property of non-object in D:\www\zendZentao\module\salary\control.php on line 66 when visiting /zendZentao/www/index.php?m=salary&f=monthly&typeID=2

09:03:14 Trying to get property of non-object in D:\www\zendZentao\module\salary\control.php on line 66 when visiting /zendZentao/www/index.php?m=salary&f=monthly&typeID=2

09:03:14 Trying to get property of non-object in D:\www\zendZentao\module\salary\view\monthly.html.php on line 13 when visiting /zendZentao/www/index.php?m=salary&f=monthly&typeID=2

09:03:14 Trying to get property of non-object in D:\www\zendZentao\module\salary\view\monthly.html.php on line 14 when visiting /zendZentao/www/index.php?m=salary&f=monthly&typeID=2

09:03:14 Trying to get property of non-object in D:\www\zendZentao\module\salary\view\monthly.html.php on line 14 when visiting /zendZentao/www/index.php?m=salary&f=monthly&typeID=2

09:03:14 Trying to get property of non-object in D:\www\zendZentao\module\salary\view\monthly.html.php on line 26 when visiting /zendZentao/www/index.php?m=salary&f=monthly&typeID=2

09:03:14 Trying to get property of non-object in D:\www\zendZentao\module\salary\view\monthly.html.php on line 26 when visiting /zendZentao/www/index.php?m=salary&f=monthly&typeID=2

09:03:14 Undefined variable: vars in D:\www\zendZentao\module\salary\view\commontable.html.php on line 11 when visiting /zendZentao/www/index.php?m=salary&f=monthly&typeID=2

09:03:14 Trying to get property of non-object in D:\www\zendZentao\module\salary\view\commontable.html.php on line 16 when visiting /zendZentao/www/index.php?m=salary&f=monthly&typeID=2

09:03:14 Trying to get property of non-object in D:\www\zendZentao\module\salary\view\commontable.html.php on line 21 when visiting /zendZentao/www/index.php?m=salary&f=monthly&typeID=2

09:03:17 Creating default object from empty value in D:\www\zendZentao\module\common\ext\lang\zh-cn\salary.php on line 6 when visiting 

09:03:17 Trying to get property of non-object in D:\www\zendZentao\module\my\model.php on line 51 when visiting /zendZentao/www/index.php?m=salary&f=monthly

09:03:17 Trying to get property of non-object in D:\www\zendZentao\module\salary\control.php on line 57 when visiting /zendZentao/www/index.php?m=salary&f=monthly

09:03:17 Trying to get property of non-object in D:\www\zendZentao\module\salary\control.php on line 62 when visiting /zendZentao/www/index.php?m=salary&f=monthly

09:03:17 Trying to get property of non-object in D:\www\zendZentao\module\salary\control.php on line 66 when visiting /zendZentao/www/index.php?m=salary&f=monthly

09:03:17 Trying to get property of non-object in D:\www\zendZentao\module\salary\control.php on line 66 when visiting /zendZentao/www/index.php?m=salary&f=monthly

09:03:17 Trying to get property of non-object in D:\www\zendZentao\module\salary\view\monthly.html.php on line 13 when visiting /zendZentao/www/index.php?m=salary&f=monthly

09:03:17 Trying to get property of non-object in D:\www\zendZentao\module\salary\view\monthly.html.php on line 14 when visiting /zendZentao/www/index.php?m=salary&f=monthly

09:03:17 Trying to get property of non-object in D:\www\zendZentao\module\salary\view\monthly.html.php on line 14 when visiting /zendZentao/www/index.php?m=salary&f=monthly

09:03:17 Trying to get property of non-object in D:\www\zendZentao\module\salary\view\monthly.html.php on line 26 when visiting /zendZentao/www/index.php?m=salary&f=monthly

09:03:17 Trying to get property of non-object in D:\www\zendZentao\module\salary\view\monthly.html.php on line 26 when visiting /zendZentao/www/index.php?m=salary&f=monthly

09:03:17 Undefined variable: vars in D:\www\zendZentao\module\salary\view\commontable.html.php on line 11 when visiting /zendZentao/www/index.php?m=salary&f=monthly

09:03:17 Trying to get property of non-object in D:\www\zendZentao\module\salary\view\commontable.html.php on line 16 when visiting /zendZentao/www/index.php?m=salary&f=monthly

09:03:17 Trying to get property of non-object in D:\www\zendZentao\module\salary\view\commontable.html.php on line 21 when visiting /zendZentao/www/index.php?m=salary&f=monthly

09:03:19 Creating default object from empty value in D:\www\zendZentao\module\common\ext\lang\zh-cn\salary.php on line 6 when visiting 

09:03:19 Trying to get property of non-object in D:\www\zendZentao\module\my\model.php on line 51 when visiting /zendZentao/www/index.php?m=my&f=changepassword

09:03:20 Creating default object from empty value in D:\www\zendZentao\module\common\ext\lang\zh-cn\salary.php on line 6 when visiting 

09:03:21 Trying to get property of non-object in D:\www\zendZentao\module\my\model.php on line 51 when visiting /zendZentao/www/index.php?m=salary&f=monthly

09:03:21 Trying to get property of non-object in D:\www\zendZentao\module\salary\control.php on line 57 when visiting /zendZentao/www/index.php?m=salary&f=monthly

09:03:21 Trying to get property of non-object in D:\www\zendZentao\module\salary\control.php on line 62 when visiting /zendZentao/www/index.php?m=salary&f=monthly

09:03:21 Trying to get property of non-object in D:\www\zendZentao\module\salary\control.php on line 66 when visiting /zendZentao/www/index.php?m=salary&f=monthly

09:03:21 Trying to get property of non-object in D:\www\zendZentao\module\salary\control.php on line 66 when visiting /zendZentao/www/index.php?m=salary&f=monthly

09:03:21 Trying to get property of non-object in D:\www\zendZentao\module\salary\view\monthly.html.php on line 13 when visiting /zendZentao/www/index.php?m=salary&f=monthly

09:03:21 Trying to get property of non-object in D:\www\zendZentao\module\salary\view\monthly.html.php on line 14 when visiting /zendZentao/www/index.php?m=salary&f=monthly

09:03:21 Trying to get property of non-object in D:\www\zendZentao\module\salary\view\monthly.html.php on line 14 when visiting /zendZentao/www/index.php?m=salary&f=monthly

09:03:21 Trying to get property of non-object in D:\www\zendZentao\module\salary\view\monthly.html.php on line 26 when visiting /zendZentao/www/index.php?m=salary&f=monthly

09:03:21 Trying to get property of non-object in D:\www\zendZentao\module\salary\view\monthly.html.php on line 26 when visiting /zendZentao/www/index.php?m=salary&f=monthly

09:03:21 Undefined variable: vars in D:\www\zendZentao\module\salary\view\commontable.html.php on line 11 when visiting /zendZentao/www/index.php?m=salary&f=monthly

09:03:21 Trying to get property of non-object in D:\www\zendZentao\module\salary\view\commontable.html.php on line 16 when visiting /zendZentao/www/index.php?m=salary&f=monthly

09:03:21 Trying to get property of non-object in D:\www\zendZentao\module\salary\view\commontable.html.php on line 21 when visiting /zendZentao/www/index.php?m=salary&f=monthly

09:03:22 Creating default object from empty value in D:\www\zendZentao\module\common\ext\lang\zh-cn\salary.php on line 6 when visiting 

09:03:22 Trying to get property of non-object in D:\www\zendZentao\module\my\model.php on line 51 when visiting /zendZentao/www/index.php?m=salary&f=monthly&typeID=1

09:03:22 Trying to get property of non-object in D:\www\zendZentao\module\salary\control.php on line 57 when visiting /zendZentao/www/index.php?m=salary&f=monthly&typeID=1

09:03:22 Trying to get property of non-object in D:\www\zendZentao\module\salary\control.php on line 62 when visiting /zendZentao/www/index.php?m=salary&f=monthly&typeID=1

09:03:22 Trying to get property of non-object in D:\www\zendZentao\module\salary\control.php on line 66 when visiting /zendZentao/www/index.php?m=salary&f=monthly&typeID=1

09:03:22 Trying to get property of non-object in D:\www\zendZentao\module\salary\control.php on line 66 when visiting /zendZentao/www/index.php?m=salary&f=monthly&typeID=1

09:03:22 Trying to get property of non-object in D:\www\zendZentao\module\salary\view\monthly.html.php on line 13 when visiting /zendZentao/www/index.php?m=salary&f=monthly&typeID=1

09:03:22 Trying to get property of non-object in D:\www\zendZentao\module\salary\view\monthly.html.php on line 14 when visiting /zendZentao/www/index.php?m=salary&f=monthly&typeID=1

09:03:22 Trying to get property of non-object in D:\www\zendZentao\module\salary\view\monthly.html.php on line 14 when visiting /zendZentao/www/index.php?m=salary&f=monthly&typeID=1

09:03:22 Trying to get property of non-object in D:\www\zendZentao\module\salary\view\monthly.html.php on line 26 when visiting /zendZentao/www/index.php?m=salary&f=monthly&typeID=1

09:03:22 Trying to get property of non-object in D:\www\zendZentao\module\salary\view\monthly.html.php on line 26 when visiting /zendZentao/www/index.php?m=salary&f=monthly&typeID=1

09:03:22 Undefined variable: vars in D:\www\zendZentao\module\salary\view\commontable.html.php on line 11 when visiting /zendZentao/www/index.php?m=salary&f=monthly&typeID=1

09:03:22 Trying to get property of non-object in D:\www\zendZentao\module\salary\view\commontable.html.php on line 16 when visiting /zendZentao/www/index.php?m=salary&f=monthly&typeID=1

09:03:22 Trying to get property of non-object in D:\www\zendZentao\module\salary\view\commontable.html.php on line 21 when visiting /zendZentao/www/index.php?m=salary&f=monthly&typeID=1

09:03:23 Creating default object from empty value in D:\www\zendZentao\module\common\ext\lang\zh-cn\salary.php on line 6 when visiting 

09:03:23 Trying to get property of non-object in D:\www\zendZentao\module\my\model.php on line 51 when visiting /zendZentao/www/index.php?m=salary&f=monthly&typeID=2

09:03:23 Trying to get property of non-object in D:\www\zendZentao\module\salary\control.php on line 57 when visiting /zendZentao/www/index.php?m=salary&f=monthly&typeID=2

09:03:23 Trying to get property of non-object in D:\www\zendZentao\module\salary\control.php on line 62 when visiting /zendZentao/www/index.php?m=salary&f=monthly&typeID=2

09:03:23 Trying to get property of non-object in D:\www\zendZentao\module\salary\control.php on line 66 when visiting /zendZentao/www/index.php?m=salary&f=monthly&typeID=2

09:03:23 Trying to get property of non-object in D:\www\zendZentao\module\salary\control.php on line 66 when visiting /zendZentao/www/index.php?m=salary&f=monthly&typeID=2

09:03:23 Trying to get property of non-object in D:\www\zendZentao\module\salary\view\monthly.html.php on line 13 when visiting /zendZentao/www/index.php?m=salary&f=monthly&typeID=2

09:03:23 Trying to get property of non-object in D:\www\zendZentao\module\salary\view\monthly.html.php on line 14 when visiting /zendZentao/www/index.php?m=salary&f=monthly&typeID=2

09:03:23 Trying to get property of non-object in D:\www\zendZentao\module\salary\view\monthly.html.php on line 14 when visiting /zendZentao/www/index.php?m=salary&f=monthly&typeID=2

09:03:23 Trying to get property of non-object in D:\www\zendZentao\module\salary\view\monthly.html.php on line 26 when visiting /zendZentao/www/index.php?m=salary&f=monthly&typeID=2

09:03:23 Trying to get property of non-object in D:\www\zendZentao\module\salary\view\monthly.html.php on line 26 when visiting /zendZentao/www/index.php?m=salary&f=monthly&typeID=2

09:03:23 Undefined variable: vars in D:\www\zendZentao\module\salary\view\commontable.html.php on line 11 when visiting /zendZentao/www/index.php?m=salary&f=monthly&typeID=2

09:03:23 Trying to get property of non-object in D:\www\zendZentao\module\salary\view\commontable.html.php on line 16 when visiting /zendZentao/www/index.php?m=salary&f=monthly&typeID=2

09:03:23 Trying to get property of non-object in D:\www\zendZentao\module\salary\view\commontable.html.php on line 21 when visiting /zendZentao/www/index.php?m=salary&f=monthly&typeID=2

09:03:24 Creating default object from empty value in D:\www\zendZentao\module\common\ext\lang\zh-cn\salary.php on line 6 when visiting 

09:03:24 Trying to get property of non-object in D:\www\zendZentao\module\my\model.php on line 51 when visiting /zendZentao/www/index.php?m=salary&f=monthly&typeID=2

09:03:24 Trying to get property of non-object in D:\www\zendZentao\module\salary\control.php on line 57 when visiting /zendZentao/www/index.php?m=salary&f=monthly&typeID=2

09:03:24 Trying to get property of non-object in D:\www\zendZentao\module\salary\control.php on line 62 when visiting /zendZentao/www/index.php?m=salary&f=monthly&typeID=2

09:03:24 Trying to get property of non-object in D:\www\zendZentao\module\salary\control.php on line 66 when visiting /zendZentao/www/index.php?m=salary&f=monthly&typeID=2

09:03:24 Trying to get property of non-object in D:\www\zendZentao\module\salary\control.php on line 66 when visiting /zendZentao/www/index.php?m=salary&f=monthly&typeID=2

09:03:24 Trying to get property of non-object in D:\www\zendZentao\module\salary\view\monthly.html.php on line 13 when visiting /zendZentao/www/index.php?m=salary&f=monthly&typeID=2

09:03:24 Trying to get property of non-object in D:\www\zendZentao\module\salary\view\monthly.html.php on line 14 when visiting /zendZentao/www/index.php?m=salary&f=monthly&typeID=2

09:03:24 Trying to get property of non-object in D:\www\zendZentao\module\salary\view\monthly.html.php on line 14 when visiting /zendZentao/www/index.php?m=salary&f=monthly&typeID=2

09:03:24 Trying to get property of non-object in D:\www\zendZentao\module\salary\view\monthly.html.php on line 26 when visiting /zendZentao/www/index.php?m=salary&f=monthly&typeID=2

09:03:24 Trying to get property of non-object in D:\www\zendZentao\module\salary\view\monthly.html.php on line 26 when visiting /zendZentao/www/index.php?m=salary&f=monthly&typeID=2

09:03:24 Undefined variable: vars in D:\www\zendZentao\module\salary\view\commontable.html.php on line 11 when visiting /zendZentao/www/index.php?m=salary&f=monthly&typeID=2

09:03:24 Trying to get property of non-object in D:\www\zendZentao\module\salary\view\commontable.html.php on line 16 when visiting /zendZentao/www/index.php?m=salary&f=monthly&typeID=2

09:03:24 Trying to get property of non-object in D:\www\zendZentao\module\salary\view\commontable.html.php on line 21 when visiting /zendZentao/www/index.php?m=salary&f=monthly&typeID=2

09:03:25 Creating default object from empty value in D:\www\zendZentao\module\common\ext\lang\zh-cn\salary.php on line 6 when visiting 

09:03:25 Declaration of systemModel::delete() should be compatible with model::delete($table, $id) in D:\www\zendZentao\module\system\model.php on line 223 when visiting /zendZentao/www/index.php?m=system&f=personnel

09:03:30 Creating default object from empty value in D:\www\zendZentao\module\common\ext\lang\zh-cn\salary.php on line 6 when visiting 

09:03:30 Declaration of systemModel::delete() should be compatible with model::delete($table, $id) in D:\www\zendZentao\module\system\model.php on line 223 when visiting /zendZentao/www/index.php?m=system&f=personnel

09:03:33 Creating default object from empty value in D:\www\zendZentao\module\common\ext\lang\zh-cn\salary.php on line 6 when visiting 

09:03:33 Declaration of systemModel::delete() should be compatible with model::delete($table, $id) in D:\www\zendZentao\module\system\model.php on line 223 when visiting /zendZentao/www/index.php?m=system&f=personnel&t=html&typeID=2

09:03:33 Creating default object from empty value in D:\www\zendZentao\module\common\ext\lang\zh-cn\salary.php on line 6 when visiting 

09:03:33 Declaration of systemModel::delete() should be compatible with model::delete($table, $id) in D:\www\zendZentao\module\system\model.php on line 223 when visiting /zendZentao/www/index.php?m=system&f=personnel&t=html&typeID=2

09:03:36 Creating default object from empty value in D:\www\zendZentao\module\common\ext\lang\zh-cn\salary.php on line 6 when visiting 

09:03:36 Declaration of systemModel::delete() should be compatible with model::delete($table, $id) in D:\www\zendZentao\module\system\model.php on line 223 when visiting /zendZentao/www/index.php?m=system&f=personnel&t=html&typeID=2

09:03:36 Creating default object from empty value in D:\www\zendZentao\module\common\ext\lang\zh-cn\salary.php on line 6 when visiting 

09:03:36 Declaration of systemModel::delete() should be compatible with model::delete($table, $id) in D:\www\zendZentao\module\system\model.php on line 223 when visiting /zendZentao/www/index.php?m=system&f=personnel&t=html&typeID=2

09:03:44 Creating default object from empty value in D:\www\zendZentao\module\common\ext\lang\zh-cn\salary.php on line 6 when visiting 

09:03:45 Creating default object from empty value in D:\www\zendZentao\module\common\ext\lang\zh-cn\salary.php on line 6 when visiting 

09:03:45 Declaration of systemModel::delete() should be compatible with model::delete($table, $id) in D:\www\zendZentao\module\system\model.php on line 223 when visiting /zendZentao/www/index.php?m=system&f=personnel

09:03:46 Creating default object from empty value in D:\www\zendZentao\module\common\ext\lang\zh-cn\salary.php on line 6 when visiting 

09:03:46 Declaration of systemModel::delete() should be compatible with model::delete($table, $id) in D:\www\zendZentao\module\system\model.php on line 223 when visiting /zendZentao/www/index.php?m=system&f=parameter

09:03:50 Creating default object from empty value in D:\www\zendZentao\module\common\ext\lang\zh-cn\salary.php on line 6 when visiting 

09:03:50 Declaration of systemModel::delete() should be compatible with model::delete($table, $id) in D:\www\zendZentao\module\system\model.php on line 223 when visiting /zendZentao/www/index.php?m=system&f=personnel

09:03:53 Creating default object from empty value in D:\www\zendZentao\module\common\ext\lang\zh-cn\salary.php on line 6 when visiting 

09:03:53 Declaration of systemModel::delete() should be compatible with model::delete($table, $id) in D:\www\zendZentao\module\system\model.php on line 223 when visiting /zendZentao/www/index.php?m=system&f=parameter

09:04:01 Creating default object from empty value in D:\www\zendZentao\module\common\ext\lang\zh-cn\salary.php on line 6 when visiting 

09:04:01 Creating default object from empty value in D:\www\zendZentao\module\common\ext\lang\zh-cn\salary.php on line 6 when visiting 

09:04:03 Creating default object from empty value in D:\www\zendZentao\module\common\ext\lang\zh-cn\salary.php on line 6 when visiting 

09:04:03 Undefined variable: vars in D:\www\zendZentao\module\salary\view\commontable.html.php on line 11 when visiting /zendZentao/www/index.php?m=salary&f=monthly&typeID=2

09:04:06 Creating default object from empty value in D:\www\zendZentao\module\common\ext\lang\zh-cn\salary.php on line 6 when visiting 

09:04:06 Undefined variable: vars in D:\www\zendZentao\module\salary\view\commontable.html.php on line 11 when visiting /zendZentao/www/index.php?m=salary&f=monthly&typeID=1

09:04:08 Creating default object from empty value in D:\www\zendZentao\module\common\ext\lang\zh-cn\salary.php on line 6 when visiting 

09:04:08 Undefined variable: vars in D:\www\zendZentao\module\salary\view\commontable.html.php on line 11 when visiting /zendZentao/www/index.php?m=salary&f=monthly&typeID=2

09:04:11 Creating default object from empty value in D:\www\zendZentao\module\common\ext\lang\zh-cn\salary.php on line 6 when visiting 

09:04:11 Declaration of systemModel::delete() should be compatible with model::delete($table, $id) in D:\www\zendZentao\module\system\model.php on line 223 when visiting /zendZentao/www/index.php?m=system&f=personnel

09:04:28 Creating default object from empty value in D:\www\zendZentao\module\common\ext\lang\zh-cn\salary.php on line 6 when visiting 

09:04:30 Creating default object from empty value in D:\www\zendZentao\module\common\ext\lang\zh-cn\salary.php on line 6 when visiting 

09:04:30 Declaration of systemModel::delete() should be compatible with model::delete($table, $id) in D:\www\zendZentao\module\system\model.php on line 223 when visiting /zendZentao/www/index.php?m=system&f=personnel

09:04:42 Creating default object from empty value in D:\www\zendZentao\module\common\ext\lang\zh-cn\salary.php on line 6 when visiting 

09:04:45 Creating default object from empty value in D:\www\zendZentao\module\common\ext\lang\zh-cn\salary.php on line 6 when visiting 

09:04:45 Undefined variable: vars in D:\www\zendZentao\module\salary\view\commontable.html.php on line 11 when visiting /zendZentao/www/index.php?m=salary&f=monthly&typeID=2

09:05:45 Creating default object from empty value in D:\www\zendZentao\module\common\ext\lang\zh-cn\salary.php on line 6 when visiting 

09:10:45 Creating default object from empty value in D:\www\zendZentao\module\common\ext\lang\zh-cn\salary.php on line 6 when visiting 

09:11:09 Creating default object from empty value in D:\www\zendZentao\module\common\ext\lang\zh-cn\salary.php on line 6 when visiting 

09:11:09 Creating default object from empty value in D:\www\zendZentao\module\common\ext\lang\zh-cn\salary.php on line 6 when visiting 

09:11:15 Creating default object from empty value in D:\www\zendZentao\module\common\ext\lang\zh-cn\salary.php on line 6 when visiting 

09:11:15 ERROR: SQLSTATE[42S22]: Column not found: 1054 Unknown column 'isSubmit' in 'where clause'The sql is: SELECT *,"" as auditorName,"" as chargeName FROM `ict_weekplan` wHeRe week  = '4' AND charge  = 'beanGou' AND isSubmit  = '1' in D:\www\zendZentao\lib\dao\dao.class.php on line 462, last called by D:\www\zendZentao\lib\dao\dao.class.php on line 561 through function query.
 in D:\www\zendZentao\framework\router.class.php on line 1576 when visiting /zendZentao/www/index.php?m=plan&f=myplan

09:11:43 Creating default object from empty value in D:\www\zendZentao\module\common\ext\lang\zh-cn\salary.php on line 6 when visiting 

09:12:44 Creating default object from empty value in D:\www\zendZentao\module\common\ext\lang\zh-cn\salary.php on line 6 when visiting 

09:13:14 Creating default object from empty value in D:\www\zendZentao\module\common\ext\lang\zh-cn\salary.php on line 6 when visiting 

09:13:15 Creating default object from empty value in D:\www\zendZentao\module\common\ext\lang\zh-cn\salary.php on line 6 when visiting 

09:13:16 Creating default object from empty value in D:\www\zendZentao\module\common\ext\lang\zh-cn\salary.php on line 6 when visiting 

09:13:16 Undefined variable: vars in D:\www\zendZentao\module\salary\view\commontable.html.php on line 11 when visiting /zendZentao/www/index.php?m=salary&f=monthly

09:13:18 Creating default object from empty value in D:\www\zendZentao\module\common\ext\lang\zh-cn\salary.php on line 6 when visiting 

09:14:18 Creating default object from empty value in D:\www\zendZentao\module\common\ext\lang\zh-cn\salary.php on line 6 when visiting 

09:17:37 Creating default object from empty value in D:\www\zendZentao\module\common\ext\lang\zh-cn\defect.php on line 6 when visiting 

09:17:37 Creating default object from empty value in D:\www\zendZentao\module\common\ext\lang\zh-cn\salary.php on line 6 when visiting 

09:17:38 Creating default object from empty value in D:\www\zendZentao\module\common\ext\lang\zh-cn\defect.php on line 6 when visiting 

09:17:38 Creating default object from empty value in D:\www\zendZentao\module\common\ext\lang\zh-cn\salary.php on line 6 when visiting 

09:17:43 Creating default object from empty value in D:\www\zendZentao\module\common\ext\lang\zh-cn\defect.php on line 6 when visiting 

09:17:43 Creating default object from empty value in D:\www\zendZentao\module\common\ext\lang\zh-cn\salary.php on line 6 when visiting 

09:17:56 Creating default object from empty value in D:\www\zendZentao\module\common\ext\lang\zh-cn\defect.php on line 6 when visiting 

09:17:56 Creating default object from empty value in D:\www\zendZentao\module\common\ext\lang\zh-cn\salary.php on line 6 when visiting 

09:17:56 Creating default object from empty value in D:\www\zendZentao\module\common\ext\lang\zh-cn\defect.php on line 6 when visiting 

09:17:56 Creating default object from empty value in D:\www\zendZentao\module\common\ext\lang\zh-cn\salary.php on line 6 when visiting 

09:17:59 Creating default object from empty value in D:\www\zendZentao\module\common\ext\lang\zh-cn\defect.php on line 6 when visiting 

09:17:59 Creating default object from empty value in D:\www\zendZentao\module\common\ext\lang\zh-cn\salary.php on line 6 when visiting 

09:18:02 Creating default object from empty value in D:\www\zendZentao\module\common\ext\lang\zh-cn\defect.php on line 6 when visiting 

09:18:02 Creating default object from empty value in D:\www\zendZentao\module\common\ext\lang\zh-cn\salary.php on line 6 when visiting 

09:18:05 Creating default object from empty value in D:\www\zendZentao\module\common\ext\lang\zh-cn\defect.php on line 6 when visiting 

09:18:05 Creating default object from empty value in D:\www\zendZentao\module\common\ext\lang\zh-cn\salary.php on line 6 when visiting 

09:18:06 Creating default object from empty value in D:\www\zendZentao\module\common\ext\lang\zh-cn\defect.php on line 6 when visiting 

09:18:06 Creating default object from empty value in D:\www\zendZentao\module\common\ext\lang\zh-cn\salary.php on line 6 when visiting 

09:18:07 Creating default object from empty value in D:\www\zendZentao\module\common\ext\lang\zh-cn\defect.php on line 6 when visiting 

09:18:07 Creating default object from empty value in D:\www\zendZentao\module\common\ext\lang\zh-cn\salary.php on line 6 when visiting 

09:18:07 Creating default object from empty value in D:\www\zendZentao\module\common\ext\lang\zh-cn\defect.php on line 6 when visiting 

09:18:07 Creating default object from empty value in D:\www\zendZentao\module\common\ext\lang\zh-cn\salary.php on line 6 when visiting 

09:18:08 Creating default object from empty value in D:\www\zendZentao\module\common\ext\lang\zh-cn\defect.php on line 6 when visiting 

09:18:08 Creating default object from empty value in D:\www\zendZentao\module\common\ext\lang\zh-cn\salary.php on line 6 when visiting 

09:18:10 Creating default object from empty value in D:\www\zendZentao\module\common\ext\lang\zh-cn\defect.php on line 6 when visiting 

09:18:10 Creating default object from empty value in D:\www\zendZentao\module\common\ext\lang\zh-cn\salary.php on line 6 when visiting 

09:19:10 Creating default object from empty value in D:\www\zendZentao\module\common\ext\lang\zh-cn\defect.php on line 6 when visiting 

09:19:10 Creating default object from empty value in D:\www\zendZentao\module\common\ext\lang\zh-cn\salary.php on line 6 when visiting 

09:19:23 Creating default object from empty value in D:\www\zendZentao\module\common\ext\lang\zh-cn\defect.php on line 6 when visiting 

09:19:23 Creating default object from empty value in D:\www\zendZentao\module\common\ext\lang\zh-cn\salary.php on line 6 when visiting 

09:19:24 Creating default object from empty value in D:\www\zendZentao\module\common\ext\lang\zh-cn\defect.php on line 6 when visiting 

09:19:24 Creating default object from empty value in D:\www\zendZentao\module\common\ext\lang\zh-cn\salary.php on line 6 when visiting 

09:19:25 Creating default object from empty value in D:\www\zendZentao\module\common\ext\lang\zh-cn\defect.php on line 6 when visiting 

09:19:25 Creating default object from empty value in D:\www\zendZentao\module\common\ext\lang\zh-cn\salary.php on line 6 when visiting 

09:19:28 Creating default object from empty value in D:\www\zendZentao\module\common\ext\lang\zh-cn\defect.php on line 6 when visiting 

09:19:28 Creating default object from empty value in D:\www\zendZentao\module\common\ext\lang\zh-cn\salary.php on line 6 when visiting 

09:19:28 Creating default object from empty value in D:\www\zendZentao\module\common\ext\lang\zh-cn\defect.php on line 6 when visiting 

09:19:28 Creating default object from empty value in D:\www\zendZentao\module\common\ext\lang\zh-cn\salary.php on line 6 when visiting 

09:19:28 Declaration of systemModel::delete() should be compatible with model::delete($table, $id) in D:\www\zendZentao\module\system\model.php on line 223 when visiting /zendZentao/www/index.php?m=system&f=personnel

09:19:29 Creating default object from empty value in D:\www\zendZentao\module\common\ext\lang\zh-cn\defect.php on line 6 when visiting 

09:19:29 Creating default object from empty value in D:\www\zendZentao\module\common\ext\lang\zh-cn\salary.php on line 6 when visiting 

09:19:30 Creating default object from empty value in D:\www\zendZentao\module\common\ext\lang\zh-cn\defect.php on line 6 when visiting 

09:19:30 Creating default object from empty value in D:\www\zendZentao\module\common\ext\lang\zh-cn\salary.php on line 6 when visiting 

09:19:30 Declaration of systemModel::delete() should be compatible with model::delete($table, $id) in D:\www\zendZentao\module\system\model.php on line 223 when visiting /zendZentao/www/index.php?m=system&f=personnel

09:20:31 Creating default object from empty value in D:\www\zendZentao\module\common\ext\lang\zh-cn\defect.php on line 6 when visiting 

09:20:31 Creating default object from empty value in D:\www\zendZentao\module\common\ext\lang\zh-cn\salary.php on line 6 when visiting 

09:25:31 Creating default object from empty value in D:\www\zendZentao\module\common\ext\lang\zh-cn\defect.php on line 6 when visiting 

09:25:31 Creating default object from empty value in D:\www\zendZentao\module\common\ext\lang\zh-cn\salary.php on line 6 when visiting 

09:30:31 Creating default object from empty value in D:\www\zendZentao\module\common\ext\lang\zh-cn\defect.php on line 6 when visiting 

09:30:32 Creating default object from empty value in D:\www\zendZentao\module\common\ext\lang\zh-cn\salary.php on line 6 when visiting 

09:35:34 Creating default object from empty value in D:\www\zendZentao\module\common\ext\lang\zh-cn\defect.php on line 6 when visiting 

09:35:34 Creating default object from empty value in D:\www\zendZentao\module\common\ext\lang\zh-cn\salary.php on line 6 when visiting 

09:40:36 Creating default object from empty value in D:\www\zendZentao\module\common\ext\lang\zh-cn\defect.php on line 6 when visiting 

09:40:36 Creating default object from empty value in D:\www\zendZentao\module\common\ext\lang\zh-cn\salary.php on line 6 when visiting 

09:45:37 Creating default object from empty value in D:\www\zendZentao\module\common\ext\lang\zh-cn\defect.php on line 6 when visiting 

09:45:37 Creating default object from empty value in D:\www\zendZentao\module\common\ext\lang\zh-cn\salary.php on line 6 when visiting 

09:50:37 Creating default object from empty value in D:\www\zendZentao\module\common\ext\lang\zh-cn\defect.php on line 6 when visiting 

09:50:37 Creating default object from empty value in D:\www\zendZentao\module\common\ext\lang\zh-cn\salary.php on line 6 when visiting 

09:55:37 Creating default object from empty value in D:\www\zendZentao\module\common\ext\lang\zh-cn\defect.php on line 6 when visiting 

09:55:37 Creating default object from empty value in D:\www\zendZentao\module\common\ext\lang\zh-cn\salary.php on line 6 when visiting 

10:00:37 Creating default object from empty value in D:\www\zendZentao\module\common\ext\lang\zh-cn\defect.php on line 6 when visiting 

10:00:37 Creating default object from empty value in D:\www\zendZentao\module\common\ext\lang\zh-cn\salary.php on line 6 when visiting 

10:05:37 Creating default object from empty value in D:\www\zendZentao\module\common\ext\lang\zh-cn\defect.php on line 6 when visiting 

10:05:37 Creating default object from empty value in D:\www\zendZentao\module\common\ext\lang\zh-cn\salary.php on line 6 when visiting 

10:10:37 Creating default object from empty value in D:\www\zendZentao\module\common\ext\lang\zh-cn\defect.php on line 6 when visiting 

10:10:37 Creating default object from empty value in D:\www\zendZentao\module\common\ext\lang\zh-cn\salary.php on line 6 when visiting 

10:15:38 Creating default object from empty value in D:\www\zendZentao\module\common\ext\lang\zh-cn\defect.php on line 6 when visiting 

10:15:38 Creating default object from empty value in D:\www\zendZentao\module\common\ext\lang\zh-cn\salary.php on line 6 when visiting 

10:20:38 Creating default object from empty value in D:\www\zendZentao\module\common\ext\lang\zh-cn\defect.php on line 6 when visiting 

10:20:38 Creating default object from empty value in D:\www\zendZentao\module\common\ext\lang\zh-cn\salary.php on line 6 when visiting 

10:25:38 Creating default object from empty value in D:\www\zendZentao\module\common\ext\lang\zh-cn\defect.php on line 6 when visiting 

10:25:38 Creating default object from empty value in D:\www\zendZentao\module\common\ext\lang\zh-cn\salary.php on line 6 when visiting 

10:30:38 Creating default object from empty value in D:\www\zendZentao\module\common\ext\lang\zh-cn\defect.php on line 6 when visiting 

10:30:38 Creating default object from empty value in D:\www\zendZentao\module\common\ext\lang\zh-cn\salary.php on line 6 when visiting 

10:35:38 Creating default object from empty value in D:\www\zendZentao\module\common\ext\lang\zh-cn\defect.php on line 6 when visiting 

10:35:38 Creating default object from empty value in D:\www\zendZentao\module\common\ext\lang\zh-cn\salary.php on line 6 when visiting 

10:40:38 Creating default object from empty value in D:\www\zendZentao\module\common\ext\lang\zh-cn\defect.php on line 6 when visiting 

10:40:38 Creating default object from empty value in D:\www\zendZentao\module\common\ext\lang\zh-cn\salary.php on line 6 when visiting 

10:45:38 Creating default object from empty value in D:\www\zendZentao\module\common\ext\lang\zh-cn\defect.php on line 6 when visiting 

10:45:38 Creating default object from empty value in D:\www\zendZentao\module\common\ext\lang\zh-cn\salary.php on line 6 when visiting 

10:50:44 Creating default object from empty value in D:\www\zendZentao\module\common\ext\lang\zh-cn\defect.php on line 6 when visiting 

10:50:45 Creating default object from empty value in D:\www\zendZentao\module\common\ext\lang\zh-cn\salary.php on line 6 when visiting 

10:55:48 Creating default object from empty value in D:\www\zendZentao\module\common\ext\lang\zh-cn\defect.php on line 6 when visiting 

10:55:48 Creating default object from empty value in D:\www\zendZentao\module\common\ext\lang\zh-cn\salary.php on line 6 when visiting 

11:00:48 Creating default object from empty value in D:\www\zendZentao\module\common\ext\lang\zh-cn\defect.php on line 6 when visiting 

11:00:48 Creating default object from empty value in D:\www\zendZentao\module\common\ext\lang\zh-cn\salary.php on line 6 when visiting 

11:05:48 Creating default object from empty value in D:\www\zendZentao\module\common\ext\lang\zh-cn\defect.php on line 6 when visiting 

11:05:48 Creating default object from empty value in D:\www\zendZentao\module\common\ext\lang\zh-cn\salary.php on line 6 when visiting 

11:10:48 Creating default object from empty value in D:\www\zendZentao\module\common\ext\lang\zh-cn\defect.php on line 6 when visiting 

11:10:48 Creating default object from empty value in D:\www\zendZentao\module\common\ext\lang\zh-cn\salary.php on line 6 when visiting 

11:15:49 Creating default object from empty value in D:\www\zendZentao\module\common\ext\lang\zh-cn\defect.php on line 6 when visiting 

11:15:49 Creating default object from empty value in D:\www\zendZentao\module\common\ext\lang\zh-cn\salary.php on line 6 when visiting 

11:20:49 Creating default object from empty value in D:\www\zendZentao\module\common\ext\lang\zh-cn\defect.php on line 6 when visiting 

11:20:49 Creating default object from empty value in D:\www\zendZentao\module\common\ext\lang\zh-cn\salary.php on line 6 when visiting 

11:25:49 Creating default object from empty value in D:\www\zendZentao\module\common\ext\lang\zh-cn\defect.php on line 6 when visiting 

11:25:49 Creating default object from empty value in D:\www\zendZentao\module\common\ext\lang\zh-cn\salary.php on line 6 when visiting 

11:30:50 Creating default object from empty value in D:\www\zendZentao\module\common\ext\lang\zh-cn\defect.php on line 6 when visiting 

11:30:50 Creating default object from empty value in D:\www\zendZentao\module\common\ext\lang\zh-cn\salary.php on line 6 when visiting 

11:35:50 Creating default object from empty value in D:\www\zendZentao\module\common\ext\lang\zh-cn\defect.php on line 6 when visiting 

11:35:50 Creating default object from empty value in D:\www\zendZentao\module\common\ext\lang\zh-cn\salary.php on line 6 when visiting 

11:39:00 Creating default object from empty value in D:\www\zendZentao\module\common\ext\lang\zh-cn\defect.php on line 6 when visiting 

11:39:00 Creating default object from empty value in D:\www\zendZentao\module\common\ext\lang\zh-cn\salary.php on line 6 when visiting 

11:39:01 Creating default object from empty value in D:\www\zendZentao\module\common\ext\lang\zh-cn\defect.php on line 6 when visiting 

11:39:01 Creating default object from empty value in D:\www\zendZentao\module\common\ext\lang\zh-cn\salary.php on line 6 when visiting 

11:39:01 Creating default object from empty value in D:\www\zendZentao\module\group\ext\lang\zh-cn\defect.php on line 3 when visiting /zendZentao/www/index.php?m=product&f=create

11:39:01 Creating default object from empty value in D:\www\zendZentao\module\group\ext\lang\zh-cn\salary.php on line 4 when visiting /zendZentao/www/index.php?m=product&f=create

11:39:04 Creating default object from empty value in D:\www\zendZentao\module\common\ext\lang\zh-cn\defect.php on line 6 when visiting 

11:39:04 Creating default object from empty value in D:\www\zendZentao\module\common\ext\lang\zh-cn\salary.php on line 6 when visiting 

11:39:04 Creating default object from empty value in D:\www\zendZentao\module\common\ext\lang\zh-cn\defect.php on line 6 when visiting 

11:39:04 Creating default object from empty value in D:\www\zendZentao\module\common\ext\lang\zh-cn\salary.php on line 6 when visiting 

11:39:04 Creating default object from empty value in D:\www\zendZentao\module\group\ext\lang\zh-cn\defect.php on line 3 when visiting /zendZentao/www/index.php?m=product&f=create

11:39:04 Creating default object from empty value in D:\www\zendZentao\module\group\ext\lang\zh-cn\salary.php on line 4 when visiting /zendZentao/www/index.php?m=product&f=create

11:39:09 Creating default object from empty value in D:\www\zendZentao\module\common\ext\lang\zh-cn\defect.php on line 6 when visiting 

11:39:09 Creating default object from empty value in D:\www\zendZentao\module\common\ext\lang\zh-cn\salary.php on line 6 when visiting 

11:40:10 Creating default object from empty value in D:\www\zendZentao\module\common\ext\lang\zh-cn\defect.php on line 6 when visiting 

11:40:10 Creating default object from empty value in D:\www\zendZentao\module\common\ext\lang\zh-cn\salary.php on line 6 when visiting 

11:45:11 Creating default object from empty value in D:\www\zendZentao\module\common\ext\lang\zh-cn\defect.php on line 6 when visiting 

11:45:11 Creating default object from empty value in D:\www\zendZentao\module\common\ext\lang\zh-cn\salary.php on line 6 when visiting 

11:50:11 Creating default object from empty value in D:\www\zendZentao\module\common\ext\lang\zh-cn\defect.php on line 6 when visiting 

11:50:11 Creating default object from empty value in D:\www\zendZentao\module\common\ext\lang\zh-cn\salary.php on line 6 when visiting 

11:55:11 Creating default object from empty value in D:\www\zendZentao\module\common\ext\lang\zh-cn\defect.php on line 6 when visiting 

11:55:11 Creating default object from empty value in D:\www\zendZentao\module\common\ext\lang\zh-cn\salary.php on line 6 when visiting 

12:00:11 Creating default object from empty value in D:\www\zendZentao\module\common\ext\lang\zh-cn\defect.php on line 6 when visiting 

12:00:11 Creating default object from empty value in D:\www\zendZentao\module\common\ext\lang\zh-cn\salary.php on line 6 when visiting 

12:05:11 Creating default object from empty value in D:\www\zendZentao\module\common\ext\lang\zh-cn\defect.php on line 6 when visiting 

12:05:11 Creating default object from empty value in D:\www\zendZentao\module\common\ext\lang\zh-cn\salary.php on line 6 when visiting 

12:10:11 Creating default object from empty value in D:\www\zendZentao\module\common\ext\lang\zh-cn\defect.php on line 6 when visiting 

12:10:11 Creating default object from empty value in D:\www\zendZentao\module\common\ext\lang\zh-cn\salary.php on line 6 when visiting 

12:15:11 Creating default object from empty value in D:\www\zendZentao\module\common\ext\lang\zh-cn\defect.php on line 6 when visiting 

12:15:11 Creating default object from empty value in D:\www\zendZentao\module\common\ext\lang\zh-cn\salary.php on line 6 when visiting 

12:20:17 Creating default object from empty value in D:\www\zendZentao\module\common\ext\lang\zh-cn\defect.php on line 6 when visiting 

12:20:18 Creating default object from empty value in D:\www\zendZentao\module\common\ext\lang\zh-cn\salary.php on line 6 when visiting 

12:25:20 Creating default object from empty value in D:\www\zendZentao\module\common\ext\lang\zh-cn\defect.php on line 6 when visiting 

12:25:20 Creating default object from empty value in D:\www\zendZentao\module\common\ext\lang\zh-cn\salary.php on line 6 when visiting 

12:30:20 Creating default object from empty value in D:\www\zendZentao\module\common\ext\lang\zh-cn\defect.php on line 6 when visiting 

12:30:20 Creating default object from empty value in D:\www\zendZentao\module\common\ext\lang\zh-cn\salary.php on line 6 when visiting 

12:35:21 Creating default object from empty value in D:\www\zendZentao\module\common\ext\lang\zh-cn\defect.php on line 6 when visiting 

12:35:21 Creating default object from empty value in D:\www\zendZentao\module\common\ext\lang\zh-cn\salary.php on line 6 when visiting 

12:40:21 Creating default object from empty value in D:\www\zendZentao\module\common\ext\lang\zh-cn\defect.php on line 6 when visiting 

12:40:21 Creating default object from empty value in D:\www\zendZentao\module\common\ext\lang\zh-cn\salary.php on line 6 when visiting 

12:45:21 Creating default object from empty value in D:\www\zendZentao\module\common\ext\lang\zh-cn\defect.php on line 6 when visiting 

12:45:21 Creating default object from empty value in D:\www\zendZentao\module\common\ext\lang\zh-cn\salary.php on line 6 when visiting 

12:50:21 Creating default object from empty value in D:\www\zendZentao\module\common\ext\lang\zh-cn\defect.php on line 6 when visiting 

12:50:21 Creating default object from empty value in D:\www\zendZentao\module\common\ext\lang\zh-cn\salary.php on line 6 when visiting 

12:55:21 Creating default object from empty value in D:\www\zendZentao\module\common\ext\lang\zh-cn\defect.php on line 6 when visiting 

12:55:21 Creating default object from empty value in D:\www\zendZentao\module\common\ext\lang\zh-cn\salary.php on line 6 when visiting 

13:00:21 Creating default object from empty value in D:\www\zendZentao\module\common\ext\lang\zh-cn\defect.php on line 6 when visiting 

13:00:21 Creating default object from empty value in D:\www\zendZentao\module\common\ext\lang\zh-cn\salary.php on line 6 when visiting 

13:05:21 Creating default object from empty value in D:\www\zendZentao\module\common\ext\lang\zh-cn\defect.php on line 6 when visiting 

13:05:21 Creating default object from empty value in D:\www\zendZentao\module\common\ext\lang\zh-cn\salary.php on line 6 when visiting 

13:10:21 Creating default object from empty value in D:\www\zendZentao\module\common\ext\lang\zh-cn\defect.php on line 6 when visiting 

13:10:21 Creating default object from empty value in D:\www\zendZentao\module\common\ext\lang\zh-cn\salary.php on line 6 when visiting 

13:15:21 Creating default object from empty value in D:\www\zendZentao\module\common\ext\lang\zh-cn\defect.php on line 6 when visiting 

13:15:21 Creating default object from empty value in D:\www\zendZentao\module\common\ext\lang\zh-cn\salary.php on line 6 when visiting 

13:20:22 Creating default object from empty value in D:\www\zendZentao\module\common\ext\lang\zh-cn\defect.php on line 6 when visiting 

13:20:22 Creating default object from empty value in D:\www\zendZentao\module\common\ext\lang\zh-cn\salary.php on line 6 when visiting 

13:25:22 Creating default object from empty value in D:\www\zendZentao\module\common\ext\lang\zh-cn\defect.php on line 6 when visiting 

13:25:22 Creating default object from empty value in D:\www\zendZentao\module\common\ext\lang\zh-cn\salary.php on line 6 when visiting 

13:30:22 Creating default object from empty value in D:\www\zendZentao\module\common\ext\lang\zh-cn\defect.php on line 6 when visiting 

13:30:22 Creating default object from empty value in D:\www\zendZentao\module\common\ext\lang\zh-cn\salary.php on line 6 when visiting 

13:35:22 Creating default object from empty value in D:\www\zendZentao\module\common\ext\lang\zh-cn\defect.php on line 6 when visiting 

13:35:22 Creating default object from empty value in D:\www\zendZentao\module\common\ext\lang\zh-cn\salary.php on line 6 when visiting 

13:40:22 Creating default object from empty value in D:\www\zendZentao\module\common\ext\lang\zh-cn\defect.php on line 6 when visiting 

13:40:22 Creating default object from empty value in D:\www\zendZentao\module\common\ext\lang\zh-cn\salary.php on line 6 when visiting 

13:45:22 Creating default object from empty value in D:\www\zendZentao\module\common\ext\lang\zh-cn\defect.php on line 6 when visiting 

13:45:22 Creating default object from empty value in D:\www\zendZentao\module\common\ext\lang\zh-cn\salary.php on line 6 when visiting 

13:50:22 Creating default object from empty value in D:\www\zendZentao\module\common\ext\lang\zh-cn\defect.php on line 6 when visiting 

13:50:22 Creating default object from empty value in D:\www\zendZentao\module\common\ext\lang\zh-cn\salary.php on line 6 when visiting 

13:55:22 Creating default object from empty value in D:\www\zendZentao\module\common\ext\lang\zh-cn\defect.php on line 6 when visiting 

13:55:22 Creating default object from empty value in D:\www\zendZentao\module\common\ext\lang\zh-cn\salary.php on line 6 when visiting 

14:00:23 Creating default object from empty value in D:\www\zendZentao\module\common\ext\lang\zh-cn\defect.php on line 6 when visiting 

14:00:23 Creating default object from empty value in D:\www\zendZentao\module\common\ext\lang\zh-cn\salary.php on line 6 when visiting 

14:05:23 Creating default object from empty value in D:\www\zendZentao\module\common\ext\lang\zh-cn\defect.php on line 6 when visiting 

14:05:23 Creating default object from empty value in D:\www\zendZentao\module\common\ext\lang\zh-cn\salary.php on line 6 when visiting 

14:10:23 Creating default object from empty value in D:\www\zendZentao\module\common\ext\lang\zh-cn\defect.php on line 6 when visiting 

14:10:23 Creating default object from empty value in D:\www\zendZentao\module\common\ext\lang\zh-cn\salary.php on line 6 when visiting 

14:12:00 Creating default object from empty value in D:\www\zendZentao\module\common\ext\lang\zh-cn\defect.php on line 6 when visiting 

14:12:00 Creating default object from empty value in D:\www\zendZentao\module\common\ext\lang\zh-cn\salary.php on line 6 when visiting 

14:12:00 Creating default object from empty value in D:\www\zendZentao\module\common\ext\lang\zh-cn\defect.php on line 6 when visiting 

14:12:00 Creating default object from empty value in D:\www\zendZentao\module\common\ext\lang\zh-cn\salary.php on line 6 when visiting 

14:12:01 Creating default object from empty value in D:\www\zendZentao\module\group\ext\lang\zh-cn\defect.php on line 3 when visiting /zendZentao/www/index.php?m=product&f=create

14:12:01 Creating default object from empty value in D:\www\zendZentao\module\group\ext\lang\zh-cn\salary.php on line 4 when visiting /zendZentao/www/index.php?m=product&f=create

14:13:02 Creating default object from empty value in D:\www\zendZentao\module\common\ext\lang\zh-cn\defect.php on line 6 when visiting 

14:13:02 Creating default object from empty value in D:\www\zendZentao\module\common\ext\lang\zh-cn\salary.php on line 6 when visiting 

14:18:02 Creating default object from empty value in D:\www\zendZentao\module\common\ext\lang\zh-cn\defect.php on line 6 when visiting 

14:18:02 Creating default object from empty value in D:\www\zendZentao\module\common\ext\lang\zh-cn\salary.php on line 6 when visiting 

14:23:02 Creating default object from empty value in D:\www\zendZentao\module\common\ext\lang\zh-cn\defect.php on line 6 when visiting 

14:23:02 Creating default object from empty value in D:\www\zendZentao\module\common\ext\lang\zh-cn\salary.php on line 6 when visiting 

14:28:02 Creating default object from empty value in D:\www\zendZentao\module\common\ext\lang\zh-cn\defect.php on line 6 when visiting 

14:28:02 Creating default object from empty value in D:\www\zendZentao\module\common\ext\lang\zh-cn\salary.php on line 6 when visiting 

14:33:02 Creating default object from empty value in D:\www\zendZentao\module\common\ext\lang\zh-cn\defect.php on line 6 when visiting 

14:33:02 Creating default object from empty value in D:\www\zendZentao\module\common\ext\lang\zh-cn\salary.php on line 6 when visiting 

14:38:02 Creating default object from empty value in D:\www\zendZentao\module\common\ext\lang\zh-cn\defect.php on line 6 when visiting 

14:38:02 Creating default object from empty value in D:\www\zendZentao\module\common\ext\lang\zh-cn\salary.php on line 6 when visiting 

14:43:02 Creating default object from empty value in D:\www\zendZentao\module\common\ext\lang\zh-cn\defect.php on line 6 when visiting 

14:43:02 Creating default object from empty value in D:\www\zendZentao\module\common\ext\lang\zh-cn\salary.php on line 6 when visiting 

14:48:02 Creating default object from empty value in D:\www\zendZentao\module\common\ext\lang\zh-cn\defect.php on line 6 when visiting 

14:48:02 Creating default object from empty value in D:\www\zendZentao\module\common\ext\lang\zh-cn\salary.php on line 6 when visiting 

14:53:03 Creating default object from empty value in D:\www\zendZentao\module\common\ext\lang\zh-cn\defect.php on line 6 when visiting 

14:53:03 Creating default object from empty value in D:\www\zendZentao\module\common\ext\lang\zh-cn\salary.php on line 6 when visiting 

14:58:03 Creating default object from empty value in D:\www\zendZentao\module\common\ext\lang\zh-cn\defect.php on line 6 when visiting 

14:58:03 Creating default object from empty value in D:\www\zendZentao\module\common\ext\lang\zh-cn\salary.php on line 6 when visiting 

15:03:03 Creating default object from empty value in D:\www\zendZentao\module\common\ext\lang\zh-cn\defect.php on line 6 when visiting 

15:03:03 Creating default object from empty value in D:\www\zendZentao\module\common\ext\lang\zh-cn\salary.php on line 6 when visiting 

15:08:04 Creating default object from empty value in D:\www\zendZentao\module\common\ext\lang\zh-cn\defect.php on line 6 when visiting 

15:08:04 Creating default object from empty value in D:\www\zendZentao\module\common\ext\lang\zh-cn\salary.php on line 6 when visiting 

15:13:04 Creating default object from empty value in D:\www\zendZentao\module\common\ext\lang\zh-cn\defect.php on line 6 when visiting 

15:13:04 Creating default object from empty value in D:\www\zendZentao\module\common\ext\lang\zh-cn\salary.php on line 6 when visiting 

15:18:04 Creating default object from empty value in D:\www\zendZentao\module\common\ext\lang\zh-cn\defect.php on line 6 when visiting 

15:18:04 Creating default object from empty value in D:\www\zendZentao\module\common\ext\lang\zh-cn\salary.php on line 6 when visiting 

15:23:04 Creating default object from empty value in D:\www\zendZentao\module\common\ext\lang\zh-cn\defect.php on line 6 when visiting 

15:23:04 Creating default object from empty value in D:\www\zendZentao\module\common\ext\lang\zh-cn\salary.php on line 6 when visiting 

15:28:04 Creating default object from empty value in D:\www\zendZentao\module\common\ext\lang\zh-cn\defect.php on line 6 when visiting 

15:28:04 Creating default object from empty value in D:\www\zendZentao\module\common\ext\lang\zh-cn\salary.php on line 6 when visiting 

15:33:04 Creating default object from empty value in D:\www\zendZentao\module\common\ext\lang\zh-cn\defect.php on line 6 when visiting 

15:33:04 Creating default object from empty value in D:\www\zendZentao\module\common\ext\lang\zh-cn\salary.php on line 6 when visiting 

15:38:05 Creating default object from empty value in D:\www\zendZentao\module\common\ext\lang\zh-cn\defect.php on line 6 when visiting 

15:38:05 Creating default object from empty value in D:\www\zendZentao\module\common\ext\lang\zh-cn\salary.php on line 6 when visiting 

15:43:05 Creating default object from empty value in D:\www\zendZentao\module\common\ext\lang\zh-cn\defect.php on line 6 when visiting 

15:43:05 Creating default object from empty value in D:\www\zendZentao\module\common\ext\lang\zh-cn\salary.php on line 6 when visiting 

15:48:06 Creating default object from empty value in D:\www\zendZentao\module\common\ext\lang\zh-cn\defect.php on line 6 when visiting 

15:48:06 Creating default object from empty value in D:\www\zendZentao\module\common\ext\lang\zh-cn\salary.php on line 6 when visiting 

15:53:06 Creating default object from empty value in D:\www\zendZentao\module\common\ext\lang\zh-cn\defect.php on line 6 when visiting 

15:53:06 Creating default object from empty value in D:\www\zendZentao\module\common\ext\lang\zh-cn\salary.php on line 6 when visiting 

15:58:06 Creating default object from empty value in D:\www\zendZentao\module\common\ext\lang\zh-cn\defect.php on line 6 when visiting 

15:58:06 Creating default object from empty value in D:\www\zendZentao\module\common\ext\lang\zh-cn\salary.php on line 6 when visiting 

16:03:06 Creating default object from empty value in D:\www\zendZentao\module\common\ext\lang\zh-cn\defect.php on line 6 when visiting 

16:03:06 Creating default object from empty value in D:\www\zendZentao\module\common\ext\lang\zh-cn\salary.php on line 6 when visiting 

16:08:06 Creating default object from empty value in D:\www\zendZentao\module\common\ext\lang\zh-cn\defect.php on line 6 when visiting 

16:08:06 Creating default object from empty value in D:\www\zendZentao\module\common\ext\lang\zh-cn\salary.php on line 6 when visiting 

16:13:06 Creating default object from empty value in D:\www\zendZentao\module\common\ext\lang\zh-cn\defect.php on line 6 when visiting 

16:13:06 Creating default object from empty value in D:\www\zendZentao\module\common\ext\lang\zh-cn\salary.php on line 6 when visiting 

16:18:06 Creating default object from empty value in D:\www\zendZentao\module\common\ext\lang\zh-cn\defect.php on line 6 when visiting 

16:18:06 Creating default object from empty value in D:\www\zendZentao\module\common\ext\lang\zh-cn\salary.php on line 6 when visiting 

16:23:06 Creating default object from empty value in D:\www\zendZentao\module\common\ext\lang\zh-cn\defect.php on line 6 when visiting 

16:23:06 Creating default object from empty value in D:\www\zendZentao\module\common\ext\lang\zh-cn\salary.php on line 6 when visiting 

16:28:07 Creating default object from empty value in D:\www\zendZentao\module\common\ext\lang\zh-cn\defect.php on line 6 when visiting 

16:28:07 Creating default object from empty value in D:\www\zendZentao\module\common\ext\lang\zh-cn\salary.php on line 6 when visiting 

16:33:07 Creating default object from empty value in D:\www\zendZentao\module\common\ext\lang\zh-cn\defect.php on line 6 when visiting 

16:33:07 Creating default object from empty value in D:\www\zendZentao\module\common\ext\lang\zh-cn\salary.php on line 6 when visiting 

16:38:07 Creating default object from empty value in D:\www\zendZentao\module\common\ext\lang\zh-cn\defect.php on line 6 when visiting 

16:38:07 Creating default object from empty value in D:\www\zendZentao\module\common\ext\lang\zh-cn\salary.php on line 6 when visiting 

16:43:07 Creating default object from empty value in D:\www\zendZentao\module\common\ext\lang\zh-cn\defect.php on line 6 when visiting 

16:43:07 Creating default object from empty value in D:\www\zendZentao\module\common\ext\lang\zh-cn\salary.php on line 6 when visiting 

16:48:08 Creating default object from empty value in D:\www\zendZentao\module\common\ext\lang\zh-cn\defect.php on line 6 when visiting 

16:48:08 Creating default object from empty value in D:\www\zendZentao\module\common\ext\lang\zh-cn\salary.php on line 6 when visiting 

16:53:10 Creating default object from empty value in D:\www\zendZentao\module\common\ext\lang\zh-cn\defect.php on line 6 when visiting 

16:53:10 Creating default object from empty value in D:\www\zendZentao\module\common\ext\lang\zh-cn\salary.php on line 6 when visiting 

16:58:11 Creating default object from empty value in D:\www\zendZentao\module\common\ext\lang\zh-cn\defect.php on line 6 when visiting 

16:58:12 Creating default object from empty value in D:\www\zendZentao\module\common\ext\lang\zh-cn\salary.php on line 6 when visiting 

17:03:13 Creating default object from empty value in D:\www\zendZentao\module\common\ext\lang\zh-cn\defect.php on line 6 when visiting 

17:03:13 Creating default object from empty value in D:\www\zendZentao\module\common\ext\lang\zh-cn\salary.php on line 6 when visiting 

17:08:13 Creating default object from empty value in D:\www\zendZentao\module\common\ext\lang\zh-cn\defect.php on line 6 when visiting 

17:08:13 Creating default object from empty value in D:\www\zendZentao\module\common\ext\lang\zh-cn\salary.php on line 6 when visiting 

17:13:13 Creating default object from empty value in D:\www\zendZentao\module\common\ext\lang\zh-cn\defect.php on line 6 when visiting 

17:13:13 Creating default object from empty value in D:\www\zendZentao\module\common\ext\lang\zh-cn\salary.php on line 6 when visiting 

17:18:13 Creating default object from empty value in D:\www\zendZentao\module\common\ext\lang\zh-cn\defect.php on line 6 when visiting 

17:18:13 Creating default object from empty value in D:\www\zendZentao\module\common\ext\lang\zh-cn\salary.php on line 6 when visiting 

17:23:13 Creating default object from empty value in D:\www\zendZentao\module\common\ext\lang\zh-cn\defect.php on line 6 when visiting 

17:23:13 Creating default object from empty value in D:\www\zendZentao\module\common\ext\lang\zh-cn\salary.php on line 6 when visiting 

17:28:13 Creating default object from empty value in D:\www\zendZentao\module\common\ext\lang\zh-cn\defect.php on line 6 when visiting 

17:28:13 Creating default object from empty value in D:\www\zendZentao\module\common\ext\lang\zh-cn\salary.php on line 6 when visiting 

17:33:14 Creating default object from empty value in D:\www\zendZentao\module\common\ext\lang\zh-cn\defect.php on line 6 when visiting 

17:33:14 Creating default object from empty value in D:\www\zendZentao\module\common\ext\lang\zh-cn\salary.php on line 6 when visiting 

17:38:14 Creating default object from empty value in D:\www\zendZentao\module\common\ext\lang\zh-cn\defect.php on line 6 when visiting 

17:38:14 Creating default object from empty value in D:\www\zendZentao\module\common\ext\lang\zh-cn\salary.php on line 6 when visiting 

17:43:16 Creating default object from empty value in D:\www\zendZentao\module\common\ext\lang\zh-cn\defect.php on line 6 when visiting 

17:43:16 Creating default object from empty value in D:\www\zendZentao\module\common\ext\lang\zh-cn\salary.php on line 6 when visiting 

17:48:20 Creating default object from empty value in D:\www\zendZentao\module\common\ext\lang\zh-cn\defect.php on line 6 when visiting 

17:48:20 Creating default object from empty value in D:\www\zendZentao\module\common\ext\lang\zh-cn\salary.php on line 6 when visiting 

17:53:20 Creating default object from empty value in D:\www\zendZentao\module\common\ext\lang\zh-cn\defect.php on line 6 when visiting 

17:53:20 Creating default object from empty value in D:\www\zendZentao\module\common\ext\lang\zh-cn\salary.php on line 6 when visiting 

17:58:20 Creating default object from empty value in D:\www\zendZentao\module\common\ext\lang\zh-cn\defect.php on line 6 when visiting 

17:58:20 Creating default object from empty value in D:\www\zendZentao\module\common\ext\lang\zh-cn\salary.php on line 6 when visiting 

18:03:21 Creating default object from empty value in D:\www\zendZentao\module\common\ext\lang\zh-cn\defect.php on line 6 when visiting 

18:03:21 Creating default object from empty value in D:\www\zendZentao\module\common\ext\lang\zh-cn\salary.php on line 6 when visiting 
