
17:36:18 fsockopen():  in D:\www\zentaopms\lib\snoopy\snoopy.class.php on line 1142 when visiting /zentaopms/www/install.php

17:36:18 Undefined property: config::$debug in D:\www\zentaopms\module\common\view\header.lite.html.php on line 18 when visiting /zentaopms/www/install.php

17:36:18 Undefined property: config::$debug in D:\www\zentaopms\module\common\view\footer.lite.html.php on line 3 when visiting /zentaopms/www/install.php

17:36:33 Undefined property: config::$debug in D:\www\zentaopms\module\common\view\header.lite.html.php on line 18 when visiting /zentaopms/www/install.php?m=install&f=step1

17:36:33 Undefined property: config::$debug in D:\www\zentaopms\module\common\view\footer.lite.html.php on line 3 when visiting /zentaopms/www/install.php?m=install&f=step1

17:42:33 Call to a member function query() on a non-object in D:\www\zentaopms\lib\dao\dao.class.php on line 457 when visiting /zentaopms/www/install.php?m=misc&f=ping&t=html

17:42:39 Undefined property: config::$debug in D:\www\zentaopms\module\common\view\header.lite.html.php on line 18 when visiting /zentaopms/www/install.php?m=install&f=step1

17:42:39 Undefined property: config::$debug in D:\www\zentaopms\module\common\view\footer.lite.html.php on line 3 when visiting /zentaopms/www/install.php?m=install&f=step1

17:42:40 Undefined property: config::$debug in D:\www\zentaopms\module\common\view\header.lite.html.php on line 18 when visiting /zentaopms/www/install.php?m=install&f=step1

17:42:40 Undefined property: config::$debug in D:\www\zentaopms\module\common\view\footer.lite.html.php on line 3 when visiting /zentaopms/www/install.php?m=install&f=step1

17:42:42 Undefined property: config::$debug in D:\www\zentaopms\module\common\view\header.lite.html.php on line 18 when visiting /zentaopms/www/install.php?m=install&f=step1

17:42:42 Undefined property: config::$debug in D:\www\zentaopms\module\common\view\footer.lite.html.php on line 3 when visiting /zentaopms/www/install.php?m=install&f=step1

17:42:42 Undefined property: config::$debug in D:\www\zentaopms\module\common\view\header.lite.html.php on line 18 when visiting /zentaopms/www/install.php?m=install&f=step1

17:42:42 Undefined property: config::$debug in D:\www\zentaopms\module\common\view\footer.lite.html.php on line 3 when visiting /zentaopms/www/install.php?m=install&f=step1

17:42:43 Undefined property: config::$debug in D:\www\zentaopms\module\common\view\header.lite.html.php on line 18 when visiting /zentaopms/www/install.php?m=install&f=step1

17:42:43 Undefined property: config::$debug in D:\www\zentaopms\module\common\view\footer.lite.html.php on line 3 when visiting /zentaopms/www/install.php?m=install&f=step1

17:43:44 Call to a member function query() on a non-object in D:\www\zentaopms\lib\dao\dao.class.php on line 457 when visiting /zentaopms/www/install.php?m=misc&f=ping&t=html

18:55:13 Undefined property: config::$debug in D:\www\zentaopms\module\common\view\header.lite.html.php on line 18 when visiting /zentaopms/www/install.php?m=install&f=step1

18:55:13 Undefined property: config::$debug in D:\www\zentaopms\module\common\view\footer.lite.html.php on line 3 when visiting /zentaopms/www/install.php?m=install&f=step1

18:55:15 Undefined property: config::$debug in D:\www\zentaopms\module\common\view\header.lite.html.php on line 18 when visiting /zentaopms/www/install.php?m=install&f=step1

18:55:15 Undefined property: config::$debug in D:\www\zentaopms\module\common\view\footer.lite.html.php on line 3 when visiting /zentaopms/www/install.php?m=install&f=step1

18:55:16 Undefined property: config::$debug in D:\www\zentaopms\module\common\view\header.lite.html.php on line 18 when visiting /zentaopms/www/install.php?m=install&f=step2

18:55:16 Undefined property: config::$debug in D:\www\zentaopms\module\common\view\colorbox.html.php on line 3 when visiting /zentaopms/www/install.php?m=install&f=step2

18:55:16 Undefined property: config::$debug in D:\www\zentaopms\module\common\view\footer.lite.html.php on line 3 when visiting /zentaopms/www/install.php?m=install&f=step2

18:55:48 Undefined property: config::$debug in D:\www\zentaopms\module\common\view\header.lite.html.php on line 18 when visiting /zentaopms/www/install.php?m=install&f=step3

18:55:48 Undefined property: config::$debug in D:\www\zentaopms\module\common\view\footer.lite.html.php on line 3 when visiting /zentaopms/www/install.php?m=install&f=step3

18:56:19 ERROR: 您访问的域名 localhost:88 没有对应的公司。 in D:\www\zentaopms\module\common\model.php on line 58, last called by D:\www\zentaopms\module\common\control.php on line 25 through function setCompany.
 in D:\www\zentaopms\framework\router.class.php on line 1576 when visiting 

18:59:04 ERROR: 您访问的域名 localhost:88 没有对应的公司。 in D:\www\zentaopms\module\common\model.php on line 58, last called by D:\www\zentaopms\module\common\control.php on line 25 through function setCompany.
 in D:\www\zentaopms\framework\router.class.php on line 1576 when visiting 

18:59:34 ERROR: 您访问的域名 localhost:88 没有对应的公司。 in D:\www\zentaopms\module\common\model.php on line 58, last called by D:\www\zentaopms\module\common\control.php on line 25 through function setCompany.
 in D:\www\zentaopms\framework\router.class.php on line 1576 when visiting 

19:05:28 ERROR: 您访问的域名 localhost:88 没有对应的公司。 in D:\www\zentaopms\module\common\model.php on line 58, last called by D:\www\zentaopms\module\common\control.php on line 25 through function setCompany.
 in D:\www\zentaopms\framework\router.class.php on line 1576 when visiting 

19:05:37 ERROR: 您访问的域名 localhost:88 没有对应的公司。 in D:\www\zentaopms\module\common\model.php on line 58, last called by D:\www\zentaopms\module\common\control.php on line 25 through function setCompany.
 in D:\www\zentaopms\framework\router.class.php on line 1576 when visiting 

19:11:08 fsockopen():  in D:\www\zentaopms\lib\snoopy\snoopy.class.php on line 1142 when visiting /zentaopms/www/install.php

19:11:08 Undefined property: config::$debug in D:\www\zentaopms\module\common\view\header.lite.html.php on line 18 when visiting /zentaopms/www/install.php

19:11:08 Undefined property: config::$debug in D:\www\zentaopms\module\common\view\footer.lite.html.php on line 3 when visiting /zentaopms/www/install.php

19:11:22 Undefined property: config::$debug in D:\www\zentaopms\module\common\view\header.lite.html.php on line 18 when visiting /zentaopms/www/install.php?m=install&f=step1

19:11:22 Undefined property: config::$debug in D:\www\zentaopms\module\common\view\footer.lite.html.php on line 3 when visiting /zentaopms/www/install.php?m=install&f=step1

19:11:24 Undefined property: config::$debug in D:\www\zentaopms\module\common\view\header.lite.html.php on line 18 when visiting /zentaopms/www/install.php?m=install&f=step2

19:11:24 Undefined property: config::$debug in D:\www\zentaopms\module\common\view\colorbox.html.php on line 3 when visiting /zentaopms/www/install.php?m=install&f=step2

19:11:24 Undefined property: config::$debug in D:\www\zentaopms\module\common\view\footer.lite.html.php on line 3 when visiting /zentaopms/www/install.php?m=install&f=step2

19:11:48 Undefined property: config::$debug in D:\www\zentaopms\module\common\view\header.lite.html.php on line 18 when visiting /zentaopms/www/install.php?m=install&f=step3

19:11:48 Undefined property: config::$debug in D:\www\zentaopms\module\common\view\footer.lite.html.php on line 3 when visiting /zentaopms/www/install.php?m=install&f=step3

19:11:58 Undefined property: config::$debug in D:\www\zentaopms\module\common\view\header.lite.html.php on line 18 when visiting /zentaopms/www/install.php?m=install&f=step2

19:11:58 Undefined property: config::$debug in D:\www\zentaopms\module\common\view\colorbox.html.php on line 3 when visiting /zentaopms/www/install.php?m=install&f=step2

19:11:58 Undefined property: config::$debug in D:\www\zentaopms\module\common\view\footer.lite.html.php on line 3 when visiting /zentaopms/www/install.php?m=install&f=step2

19:12:06 Undefined property: config::$debug in D:\www\zentaopms\module\common\view\header.lite.html.php on line 18 when visiting /zentaopms/www/install.php?m=install&f=step3

19:12:06 Undefined property: config::$debug in D:\www\zentaopms\module\common\view\footer.lite.html.php on line 3 when visiting /zentaopms/www/install.php?m=install&f=step3

19:14:03 Undefined offset: 1 in D:\www\zentaopms\module\user\control.php on line 660 when visiting /zentaopms/www/index.php?m=user&f=login&referer=L3plbnRhb3Btcy93d3cvaW5kZXgucGhw

19:57:56 Undefined offset: 1 in D:\www\zentaopms\module\user\control.php on line 660 when visiting /zentaopms/www/index.php?m=user&f=login&referer=L3plbnRhb3Btcy93d3cvaW5kZXgucGhw
