20140124 10:08:21: /zendZentao/www/index.php?m=user&f=todo&account=U
  SELECT * FROM `zt_config` WHERE owner IN ('system','beanGou') ORDER BY id
  SELECT * FROM `zt_lang` ORDER BY lang,id
  SELECT * FROM `zt_user` WHERE account  = 'U'
  SELECT * FROM `zt_user` WHERE id  = 'U'
  SELECT * FROM `zt_todo` WHERE account  = 'beanGou' AND date >= '20140124'  AND date <= '20140124'  ORDER BY date,status,begin
  SELECT COUNT(*) AS recTotal FROM `zt_todo` WHERE account  = 'beanGou' AND date >= '20140124'  AND date <= '20140124'  
  SELECT * FROM `zt_todo` WHERE account  = 'beanGou' AND date >= '20140124'  AND date <= '20140124'  ORDER BY date,status,begin
  SELECT * FROM `zt_todo` WHERE account  = 'beanGou' AND date >= '20140124'  AND date <= '20140124'  ORDER BY date,status,begin
  SELECT account, realname FROM `zt_user` WHERE deleted  = '0' ORDER BY account
  SELECT account, realname FROM `zt_user` WHERE deleted  = '0' ORDER BY account

20140124 10:08:42: /zendZentao/www/index.php?m=bug&f=view&t=html&id=B
  SELECT * FROM `zt_config` WHERE owner IN ('system','beanGou') ORDER BY id
  SELECT * FROM `zt_lang` ORDER BY lang,id
  SELECT *,  IF(INSTR(" closed", status) < 2, 0, 1) AS isClosed FROM `zt_product` WHERE deleted  = '0' ORDER BY isClosed
  SELECT t1.*, t2.name AS projectName, t3.title AS storyTitle, t3.status AS storyStatus, t3.version AS latestStoryVersion, t4.name AS taskName, t5.title AS planName FROM `zt_bug` AS t1  LEFT JOIN `zt_project` AS t2  ON t1.project = t2.id  LEFT JOIN `zt_story` AS t3  ON t1.story = t3.id  LEFT JOIN `zt_task` AS t4  ON t1.task = t4.id  LEFT JOIN `zt_productPlan` AS t5  ON t1.plan = t5.id  WHERE t1.id  = '0'

20140124 10:08:49: /zendZentao/www/index.php?m=bug&f=view&t=html&id=T
  SELECT * FROM `zt_config` WHERE owner IN ('system','beanGou') ORDER BY id
  SELECT * FROM `zt_lang` ORDER BY lang,id
  SELECT *,  IF(INSTR(" closed", status) < 2, 0, 1) AS isClosed FROM `zt_product` WHERE deleted  = '0' ORDER BY isClosed
  SELECT t1.*, t2.name AS projectName, t3.title AS storyTitle, t3.status AS storyStatus, t3.version AS latestStoryVersion, t4.name AS taskName, t5.title AS planName FROM `zt_bug` AS t1  LEFT JOIN `zt_project` AS t2  ON t1.project = t2.id  LEFT JOIN `zt_story` AS t3  ON t1.story = t3.id  LEFT JOIN `zt_task` AS t4  ON t1.task = t4.id  LEFT JOIN `zt_productPlan` AS t5  ON t1.plan = t5.id  WHERE t1.id  = '0'

20140124 10:09:50: /zendZentao/www/index.php?m=misc&f=ping&t=html
  SELECT * FROM `zt_config` WHERE owner IN ('system','beanGou') ORDER BY id
  SELECT * FROM `zt_lang` ORDER BY lang,id

20140124 10:09:58: /zendZentao/www/index.php?m=product&f=view&t=html&id=P
  SELECT * FROM `zt_config` WHERE owner IN ('system','beanGou') ORDER BY id
  SELECT * FROM `zt_lang` ORDER BY lang,id
  SELECT *,  IF(INSTR(" closed", status) < 2, 0, 1) AS isClosed FROM `zt_product` WHERE deleted  = '0' ORDER BY isClosed
  SELECT * FROM `zt_product` WHERE `id` = 'P' 
  SELECT * FROM `zt_product` WHERE `id` = 'P' 
  SELECT * FROM `zt_product` WHERE `id` = 'P' 
  SELECT product, status, count(status) AS count FROM `zt_story` WHERE deleted  = '0' AND product  = 'P' GROUP BY product, status
  SELECT count(*) AS count FROM `zt_productPlan` WHERE deleted  = '0' AND product  = 'P' AND end  > '2014-01-24 10:09:57'
  SELECT count(*) AS count FROM `zt_build` WHERE deleted  = '0' AND product  = 'P'
  SELECT count(*) AS count FROM `zt_case` WHERE deleted  = '0' AND product  = 'P'
  SELECT count(*) AS count FROM `zt_bug` WHERE deleted  = '0' AND product  = 'P'
  SELECT count(*) AS count FROM `zt_doc` WHERE deleted  = '0' AND product  = 'P'
  SELECT count(*) AS count FROM `zt_release` WHERE deleted  = '0' AND product  = 'P'
  SELECT count("t1.*") AS count FROM `zt_projectProduct` AS t1  LEFT JOIN `zt_project` AS t2  ON t1.project = t2.id  WHERE t2.deleted  = '0' AND t1.product  = 'P'
  SELECT commiter, account, realname FROM `zt_user` WHERE commiter  != ''
  SELECT * FROM `zt_action` WHERE objectType  = 'product' AND objectID  = 'P' ORDER BY date, id
  SELECT * FROM `zt_history` WHERE action IN ('') ORDER BY id
  SELECT account, realname FROM `zt_user` ORDER BY account
  SELECT id, name FROM `zt_group`

20140124 10:10:58: /zendZentao/www/index.php?m=misc&f=ping&t=html
  SELECT * FROM `zt_config` WHERE owner IN ('system','beanGou') ORDER BY id
  SELECT * FROM `zt_lang` ORDER BY lang,id

20140124 10:15:58: /zendZentao/www/index.php?m=misc&f=ping&t=html
  SELECT * FROM `zt_config` WHERE owner IN ('system','beanGou') ORDER BY id
  SELECT * FROM `zt_lang` ORDER BY lang,id
  SELECT * FROM `zt_config` WHERE 1 = 1  AND owner IN ('system') AND module IN ('common') AND section IN ('global') AND `key` IN ('sn')

20140124 10:20:58: /zendZentao/www/index.php?m=misc&f=ping&t=html
  SELECT * FROM `zt_config` WHERE owner IN ('system','beanGou') ORDER BY id
  SELECT * FROM `zt_lang` ORDER BY lang,id
  SELECT * FROM `zt_config` WHERE 1 = 1  AND owner IN ('system') AND module IN ('common') AND section IN ('global') AND `key` IN ('sn')

20140124 10:25:59: /zendZentao/www/index.php?m=misc&f=ping&t=html
  SELECT * FROM `zt_config` WHERE owner IN ('system','beanGou') ORDER BY id
  SELECT * FROM `zt_lang` ORDER BY lang,id

20140124 10:30:59: /zendZentao/www/index.php?m=misc&f=ping&t=html
  SELECT * FROM `zt_config` WHERE owner IN ('system','beanGou') ORDER BY id
  SELECT * FROM `zt_lang` ORDER BY lang,id

20140124 10:35:59: /zendZentao/www/index.php?m=misc&f=ping&t=html
  SELECT * FROM `zt_config` WHERE owner IN ('system','beanGou') ORDER BY id
  SELECT * FROM `zt_lang` ORDER BY lang,id

20140124 10:40:59: /zendZentao/www/index.php?m=misc&f=ping&t=html
  SELECT * FROM `zt_config` WHERE owner IN ('system','beanGou') ORDER BY id
  SELECT * FROM `zt_lang` ORDER BY lang,id

20140124 10:46:00: /zendZentao/www/index.php?m=misc&f=ping&t=html
  SELECT * FROM `zt_config` WHERE owner IN ('system','beanGou') ORDER BY id
  SELECT * FROM `zt_lang` ORDER BY lang,id

20140124 10:51:00: /zendZentao/www/index.php?m=misc&f=ping&t=html
  SELECT * FROM `zt_config` WHERE owner IN ('system','beanGou') ORDER BY id
  SELECT * FROM `zt_lang` ORDER BY lang,id

20140124 10:56:00: /zendZentao/www/index.php?m=misc&f=ping&t=html
  SELECT * FROM `zt_config` WHERE owner IN ('system','beanGou') ORDER BY id
  SELECT * FROM `zt_lang` ORDER BY lang,id

20140124 11:01:00: /zendZentao/www/index.php?m=misc&f=ping&t=html
  SELECT * FROM `zt_config` WHERE owner IN ('system','beanGou') ORDER BY id
  SELECT * FROM `zt_lang` ORDER BY lang,id

20140124 11:06:01: /zendZentao/www/index.php?m=misc&f=ping&t=html
  SELECT * FROM `zt_config` WHERE owner IN ('system','beanGou') ORDER BY id
  SELECT * FROM `zt_lang` ORDER BY lang,id

20140124 11:11:01: /zendZentao/www/index.php?m=misc&f=ping&t=html
  SELECT * FROM `zt_config` WHERE owner IN ('system','beanGou') ORDER BY id
  SELECT * FROM `zt_lang` ORDER BY lang,id
  SELECT * FROM `zt_config` WHERE 1 = 1  AND owner IN ('system') AND module IN ('common') AND section IN ('global') AND `key` IN ('sn')

20140124 11:16:01: /zendZentao/www/index.php?m=misc&f=ping&t=html
  SELECT * FROM `zt_config` WHERE owner IN ('system','beanGou') ORDER BY id
  SELECT * FROM `zt_lang` ORDER BY lang,id
  SELECT * FROM `zt_config` WHERE 1 = 1  AND owner IN ('system') AND module IN ('common') AND section IN ('global') AND `key` IN ('sn')

20140124 11:21:02: /zendZentao/www/index.php?m=misc&f=ping&t=html
  SELECT * FROM `zt_config` WHERE owner IN ('system','beanGou') ORDER BY id
  SELECT * FROM `zt_lang` ORDER BY lang,id
  SELECT * FROM `zt_config` WHERE 1 = 1  AND owner IN ('system') AND module IN ('common') AND section IN ('global') AND `key` IN ('sn')

20140124 11:26:02: /zendZentao/www/index.php?m=misc&f=ping&t=html
  SELECT * FROM `zt_config` WHERE owner IN ('system','beanGou') ORDER BY id
  SELECT * FROM `zt_lang` ORDER BY lang,id
  SELECT * FROM `zt_config` WHERE 1 = 1  AND owner IN ('system') AND module IN ('common') AND section IN ('global') AND `key` IN ('sn')

20140124 11:31:02: /zendZentao/www/index.php?m=misc&f=ping&t=html
  SELECT * FROM `zt_config` WHERE owner IN ('system','beanGou') ORDER BY id
  SELECT * FROM `zt_lang` ORDER BY lang,id
  SELECT * FROM `zt_config` WHERE 1 = 1  AND owner IN ('system') AND module IN ('common') AND section IN ('global') AND `key` IN ('sn')

20140124 11:36:02: /zendZentao/www/index.php?m=misc&f=ping&t=html
  SELECT * FROM `zt_config` WHERE owner IN ('system','beanGou') ORDER BY id
  SELECT * FROM `zt_lang` ORDER BY lang,id
  SELECT * FROM `zt_config` WHERE 1 = 1  AND owner IN ('system') AND module IN ('common') AND section IN ('global') AND `key` IN ('sn')

20140124 11:41:03: /zendZentao/www/index.php?m=misc&f=ping&t=html
  SELECT * FROM `zt_config` WHERE owner IN ('system','beanGou') ORDER BY id
  SELECT * FROM `zt_lang` ORDER BY lang,id
  SELECT * FROM `zt_config` WHERE 1 = 1  AND owner IN ('system') AND module IN ('common') AND section IN ('global') AND `key` IN ('sn')

20140124 11:46:04: /zendZentao/www/index.php?m=misc&f=ping&t=html
  SELECT * FROM `zt_config` WHERE owner IN ('system','beanGou') ORDER BY id
  SELECT * FROM `zt_lang` ORDER BY lang,id
  SELECT * FROM `zt_config` WHERE 1 = 1  AND owner IN ('system') AND module IN ('common') AND section IN ('global') AND `key` IN ('sn')

20140124 11:51:05: /zendZentao/www/index.php?m=misc&f=ping&t=html
  SELECT * FROM `zt_config` WHERE owner IN ('system','beanGou') ORDER BY id
  SELECT * FROM `zt_lang` ORDER BY lang,id
  SELECT * FROM `zt_config` WHERE 1 = 1  AND owner IN ('system') AND module IN ('common') AND section IN ('global') AND `key` IN ('sn')

20140124 11:56:05: /zendZentao/www/index.php?m=misc&f=ping&t=html
  SELECT * FROM `zt_config` WHERE owner IN ('system','beanGou') ORDER BY id
  SELECT * FROM `zt_lang` ORDER BY lang,id
  SELECT * FROM `zt_config` WHERE 1 = 1  AND owner IN ('system') AND module IN ('common') AND section IN ('global') AND `key` IN ('sn')

20140124 12:01:05: /zendZentao/www/index.php?m=misc&f=ping&t=html
  SELECT * FROM `zt_config` WHERE owner IN ('system','beanGou') ORDER BY id
  SELECT * FROM `zt_lang` ORDER BY lang,id
  SELECT * FROM `zt_config` WHERE 1 = 1  AND owner IN ('system') AND module IN ('common') AND section IN ('global') AND `key` IN ('sn')

